<?xml version="1.0" encoding="UTF-8"?>
<testsuite xmlns:xsi="http://www.w3.org/2001/XMLSchema-instance" xsi:noNamespaceSchemaLocation="https://maven.apache.org/surefire/maven-surefire-plugin/xsd/surefire-test-report.xsd" name="CalcolatriceTest" time="0.014" tests="5" errors="0" skipped="0" failures="0">
  <properties>
[...]
</properties>
  <testcase name="divideTest" classname="CalcolatriceTest" time="0.007"/>
  <testcase name="divideFor0Test" classname="CalcolatriceTest" time="0"/>
  <testcase name="addTest" classname="CalcolatriceTest" time="0"/>
  <testcase name="multiplyTest" classname="CalcolatriceTest" time="0"/>
  <testcase name="subtractTest" classname="CalcolatriceTest" time="0"/>
</testsuite>